============================= test session starts ==============================
platform linux -- Python 3.11.13, pytest-9.0.0, pluggy-1.6.0 -- /usr/local/bin/python
cachedir: .pytest_cache
rootdir: /workspace
plugins: asyncio-1.3.0, anyio-4.10.0
asyncio: mode=Mode.STRICT, debug=False, asyncio_default_fixture_loop_scope=None, asyncio_default_test_loop_scope=function
collecting ... collected 18 items

test_analytics_enterprise_integration.py::TestAnalyticsEnterpriseIntegration::test_service_registration ERROR [  5%]
test_analytics_enterprise_integration.py::TestAnalyticsEnterpriseIntegration::test_data_sync_from_enterprise ERROR [ 11%]
test_analytics_enterprise_integration.py::TestAnalyticsEnterpriseIntegration::test_analytics_results_publishing ERROR [ 16%]
test_analytics_enterprise_integration.py::TestAnalyticsEnterpriseIntegration::test_cross_product_dashboard ERROR [ 22%]
test_analytics_enterprise_integration.py::TestAnalyticsEnterpriseIntegration::test_anomaly_detection_alert ERROR [ 27%]
test_analytics_enterprise_integration.py::TestAnalyticsEnterpriseIntegration::test_automated_report_delivery ERROR [ 33%]
test_analytics_enterprise_integration.py::TestAnalyticsEnterpriseIntegration::test_ninja_integration ERROR [ 38%]
test_analytics_enterprise_integration.py::TestAnalyticsEnterpriseIntegration::test_real_time_metrics_sync ERROR [ 44%]
test_analytics_enterprise_integration.py::TestAnalyticsEnterpriseIntegration::test_health_check_integration ERROR [ 50%]
test_analytics_enterprise_integration.py::TestCrossProductDataFlow::test_supreme_to_analytics_flow FAILED [ 55%]
test_analytics_enterprise_integration.py::TestCrossProductDataFlow::test_hl7_to_analytics_flow FAILED [ 61%]
test_analytics_enterprise_integration.py::TestCrossProductDataFlow::test_multi_product_correlation FAILED [ 66%]
test_analytics_enterprise_integration.py::TestPerformanceOptimization::test_concurrent_requests FAILED [ 72%]
test_analytics_enterprise_integration.py::TestPerformanceOptimization::test_large_dataset_processing FAILED [ 77%]
test_analytics_enterprise_integration.py::TestPerformanceOptimization::test_cache_effectiveness FAILED [ 83%]
test_analytics_enterprise_integration.py::TestSecurityIntegration::test_unified_authentication FAILED [ 88%]
test_analytics_enterprise_integration.py::TestSecurityIntegration::test_service_to_service_auth FAILED [ 94%]
test_analytics_enterprise_integration.py::TestSecurityIntegration::test_api_key_access FAILED [100%]

==================================== ERRORS ====================================
_ ERROR at setup of TestAnalyticsEnterpriseIntegration.test_service_registration _
/usr/local/lib/python3.11/site-packages/pytest_asyncio/plugin.py:728: in pytest_fixture_setup
    return (yield)
            ^^^^^
E   pytest.PytestRemovedIn9Warning: 'test_service_registration' requested an async fixture 'analytics_client', with no plugin or hook that handled it. This is usually an error, as pytest does not natively support it. This will turn into an error in pytest 9.
E   See: https://docs.pytest.org/en/stable/deprecations.html#sync-test-depending-on-async-fixture
_ ERROR at setup of TestAnalyticsEnterpriseIntegration.test_data_sync_from_enterprise _
/usr/local/lib/python3.11/site-packages/pytest_asyncio/plugin.py:728: in pytest_fixture_setup
    return (yield)
            ^^^^^
E   pytest.PytestRemovedIn9Warning: 'test_data_sync_from_enterprise' requested an async fixture 'analytics_client', with no plugin or hook that handled it. This is usually an error, as pytest does not natively support it. This will turn into an error in pytest 9.
E   See: https://docs.pytest.org/en/stable/deprecations.html#sync-test-depending-on-async-fixture
_ ERROR at setup of TestAnalyticsEnterpriseIntegration.test_analytics_results_publishing _
/usr/local/lib/python3.11/site-packages/pytest_asyncio/plugin.py:728: in pytest_fixture_setup
    return (yield)
            ^^^^^
E   pytest.PytestRemovedIn9Warning: 'test_analytics_results_publishing' requested an async fixture 'analytics_client', with no plugin or hook that handled it. This is usually an error, as pytest does not natively support it. This will turn into an error in pytest 9.
E   See: https://docs.pytest.org/en/stable/deprecations.html#sync-test-depending-on-async-fixture
_ ERROR at setup of TestAnalyticsEnterpriseIntegration.test_cross_product_dashboard _
/usr/local/lib/python3.11/site-packages/pytest_asyncio/plugin.py:728: in pytest_fixture_setup
    return (yield)
            ^^^^^
E   pytest.PytestRemovedIn9Warning: 'test_cross_product_dashboard' requested an async fixture 'analytics_client', with no plugin or hook that handled it. This is usually an error, as pytest does not natively support it. This will turn into an error in pytest 9.
E   See: https://docs.pytest.org/en/stable/deprecations.html#sync-test-depending-on-async-fixture
_ ERROR at setup of TestAnalyticsEnterpriseIntegration.test_anomaly_detection_alert _
/usr/local/lib/python3.11/site-packages/pytest_asyncio/plugin.py:728: in pytest_fixture_setup
    return (yield)
            ^^^^^
E   pytest.PytestRemovedIn9Warning: 'test_anomaly_detection_alert' requested an async fixture 'analytics_client', with no plugin or hook that handled it. This is usually an error, as pytest does not natively support it. This will turn into an error in pytest 9.
E   See: https://docs.pytest.org/en/stable/deprecations.html#sync-test-depending-on-async-fixture
_ ERROR at setup of TestAnalyticsEnterpriseIntegration.test_automated_report_delivery _
/usr/local/lib/python3.11/site-packages/pytest_asyncio/plugin.py:728: in pytest_fixture_setup
    return (yield)
            ^^^^^
E   pytest.PytestRemovedIn9Warning: 'test_automated_report_delivery' requested an async fixture 'analytics_client', with no plugin or hook that handled it. This is usually an error, as pytest does not natively support it. This will turn into an error in pytest 9.
E   See: https://docs.pytest.org/en/stable/deprecations.html#sync-test-depending-on-async-fixture
_ ERROR at setup of TestAnalyticsEnterpriseIntegration.test_ninja_integration __
/usr/local/lib/python3.11/site-packages/pytest_asyncio/plugin.py:728: in pytest_fixture_setup
    return (yield)
            ^^^^^
E   pytest.PytestRemovedIn9Warning: 'test_ninja_integration' requested an async fixture 'analytics_client', with no plugin or hook that handled it. This is usually an error, as pytest does not natively support it. This will turn into an error in pytest 9.
E   See: https://docs.pytest.org/en/stable/deprecations.html#sync-test-depending-on-async-fixture
_ ERROR at setup of TestAnalyticsEnterpriseIntegration.test_real_time_metrics_sync _
/usr/local/lib/python3.11/site-packages/pytest_asyncio/plugin.py:728: in pytest_fixture_setup
    return (yield)
            ^^^^^
E   pytest.PytestRemovedIn9Warning: 'test_real_time_metrics_sync' requested an async fixture 'analytics_client', with no plugin or hook that handled it. This is usually an error, as pytest does not natively support it. This will turn into an error in pytest 9.
E   See: https://docs.pytest.org/en/stable/deprecations.html#sync-test-depending-on-async-fixture
_ ERROR at setup of TestAnalyticsEnterpriseIntegration.test_health_check_integration _
/usr/local/lib/python3.11/site-packages/pytest_asyncio/plugin.py:728: in pytest_fixture_setup
    return (yield)
            ^^^^^
E   pytest.PytestRemovedIn9Warning: 'test_health_check_integration' requested an async fixture 'analytics_client', with no plugin or hook that handled it. This is usually an error, as pytest does not natively support it. This will turn into an error in pytest 9.
E   See: https://docs.pytest.org/en/stable/deprecations.html#sync-test-depending-on-async-fixture
=================================== FAILURES ===================================
___________ TestCrossProductDataFlow.test_supreme_to_analytics_flow ____________
async def functions are not natively supported.
You need to install a suitable plugin for your async framework, for example:
  - anyio
  - pytest-asyncio
  - pytest-tornasync
  - pytest-trio
  - pytest-twisted
_____________ TestCrossProductDataFlow.test_hl7_to_analytics_flow ______________
async def functions are not natively supported.
You need to install a suitable plugin for your async framework, for example:
  - anyio
  - pytest-asyncio
  - pytest-tornasync
  - pytest-trio
  - pytest-twisted
___________ TestCrossProductDataFlow.test_multi_product_correlation ____________
